<?xml version="1.0" encoding="UTF-8"?>
<!-- Generated by org.testng.reporters.JUnitXMLReporter -->
<testsuite hostname="FP-PC2383" name="Group of Test" tests="1" failures="1" timestamp="25 May 2015 10:16:27 GMT" time="0.026" errors="0">
  <testcase name="test_language_switch" time="0.013" classname="test.java.TestLanguageSwitch">
    <failure type="java.lang.NullPointerException">
      <![CDATA[java.lang.NullPointerException
	at main.java.pages.WeatherForecastHomePage.getStartPageTitle(WeatherForecastHomePage.java:23)
	at test.java.TestLanguageSwitch.test_language_switch(TestLanguageSwitch.java:30)
... Removed 27 stack frames]]>
    </failure>
  </testcase> <!-- test_language_switch -->
</testsuite> <!-- Group of Test -->
